<?xml version="1.0" encoding="UTF-8"?>
<!-- Generated by org.testng.reporters.JUnitXMLReporter -->
<testsuite ignored="1" hostname="DESKTOP-GUV1GTM" failures="0" tests="2" name="EdgeTest1" time="1.063" errors="0" timestamp="16 Dec 2020 09:13:15 GMT">
  <testcase classname="com.wrapers.BaseTest" name="@BeforeMethod setBrowser" time="1.007">
    <failure type="io.github.bonigarcia.wdm.WebDriverManagerException" message="io.github.bonigarcia.wdm.WebDriverManagerException: MicrosoftWebDriver.exe should be pre-installed in an elevated command prompt executing: dism /Online /Add-Capability /CapabilityName:Microsoft.WebDriver~~~~0.0.1.0">
      <![CDATA[io.github.bonigarcia.wdm.WebDriverManagerException: io.github.bonigarcia.wdm.WebDriverManagerException: MicrosoftWebDriver.exe should be pre-installed in an elevated command prompt executing: dism /Online /Add-Capability /CapabilityName:Microsoft.WebDriver~~~~0.0.1.0
at io.github.bonigarcia.wdm.WebDriverManager.handleException(WebDriverManager.java:774)
at io.github.bonigarcia.wdm.WebDriverManager.manage(WebDriverManager.java:548)
at io.github.bonigarcia.wdm.WebDriverManager.setup(WebDriverManager.java:258)
at com.wrapers.BaseTest.setBrowser(BaseTest.java:122)
at java.base/java.util.concurrent.ThreadPoolExecutor.runWorker(ThreadPoolExecutor.java:1130)
at java.base/java.util.concurrent.ThreadPoolExecutor$Worker.run(ThreadPoolExecutor.java:630)
at java.base/java.lang.Thread.run(Thread.java:832)
Caused by: io.github.bonigarcia.wdm.WebDriverManagerException: MicrosoftWebDriver.exe should be pre-installed in an elevated command prompt executing: dism /Online /Add-Capability /CapabilityName:Microsoft.WebDriver~~~~0.0.1.0
at io.github.bonigarcia.wdm.WebDriverManager.checkPreInstalledVersion(WebDriverManager.java:647)
at io.github.bonigarcia.wdm.WebDriverManager.manage(WebDriverManager.java:529)
... 18 more
... Removed 13 stack frames]]>
    </failure>
  </testcase> <!-- @BeforeMethod setBrowser -->
  <testcase classname="com.wrapers.BaseTest" name="@AfterMethod tearDown" time="0.0">
    <skipped/>
  </testcase> <!-- @AfterMethod tearDown -->
  <testcase classname="com.wrapers.BaseTest" name="@BeforeMethod setBrowser" time="0.0">
    <skipped/>
  </testcase> <!-- @BeforeMethod setBrowser -->
  <testcase classname="com.wrapers.BaseTest" name="@AfterMethod tearDown" time="0.0">
    <skipped/>
  </testcase> <!-- @AfterMethod tearDown -->
  <testcase classname="com.amazon.AmazonTest1" name="VerifyAmazonLoginPageTitle" time="0.0">
    <skipped/>
  </testcase> <!-- VerifyAmazonLoginPageTitle -->
  <testcase classname="com.amazon.AmazonTest1" name="ProductAddtoCart" time="0.0">
    <skipped/>
  </testcase> <!-- ProductAddtoCart -->
  <testcase classname="com.amazon.AmazonTest1" name="AmazonLoginTest" time="0.0">
    <ignored/>
  </testcase> <!-- AmazonLoginTest -->
</testsuite> <!-- EdgeTest1 -->
